Operating system: Microsoft Windows NT 6.2.9200.0
Opening INI file "D:\Disassembly\sonic-to-1\SonLVL INI Files\SonLVL.ini"...
Game type is S2NA.
Loading Emerald Hill Zone Act 1...
128x128 chunk file "../map128/EHZ.bin" not found.
Loading 16x16 blocks from file "../map16/EHZ.bin", using compression Uncompressed...
Loading 8x8 tiles from file "../artnem/8x8 - EHZ.bin", using compression Nemesis...
Loading palette file "../palette/Sonic.bin"...
Source: 0 Destination: 0 Length: 16
Loading palette file "../palette/Emerald Hill Zone.bin"...
Source: 0 Destination: 16 Length: 48
Loading FG layout from file "../levels/ehz1.bin", using compression Uncompressed...
Loading BG layout from file "../levels/ehzbg.bin", using compression Uncompressed...
Loading FG layout from file "../levels/ehz2.bin", using compression Uncompressed...
Loading object definition file "obj.ini".
Loading object definition file "obj.ini".
Loading objects from file "../objpos/ehz1.bin", using compression Uncompressed...
Drawing block bitmaps...
Drawing chunk bitmaps...
Level loaded in 0.1105056 second(s).
Load completed.
Loading Chemical Plant Zone Act 1...
Loading palette file "../palette/Sonic.bin"...
Source: 0 Destination: 0 Length: 16
Loading 16x16 blocks from file "../map16/CPZ.bin", using compression Uncompressed...
Loading 128x128 chunks from file "../map128/CPZ.bin", using compression Uncompressed...
FG layout file "../levels/cpz1.bin" not found.
Loading 8x8 tiles from file "../artnem/8x8 - CPZ.bin", using compression Nemesis...
Loading palette file "../palette/Chemical Plant Zone.bin"...
Source: 0 Destination: 16 Length: 48
Loading BG layout from file "../levels/cpzbg.bin", using compression Uncompressed...
System.AggregateException: One or more errors occurred. ---> System.IO.FileNotFoundException: Palette file could not be loaded! Have you set up your disassembly properly?
   at SonicRetro.SonLVL.API.LevelData.LoadLevelPalette() in C:\Programs\SonLVL\SonLVLAPI\LevelData.cs:line 676
   at System.Threading.Tasks.Task.InnerInvoke()
   at System.Threading.Tasks.Task.Execute()
   --- End of inner exception stack trace ---
   at System.Threading.Tasks.Task.WaitAll(Task[] tasks, Int32 millisecondsTimeout, CancellationToken cancellationToken)
   at System.Threading.Tasks.Task.WaitAll(Task[] tasks, Int32 millisecondsTimeout)
   at System.Threading.Tasks.Parallel.Invoke(ParallelOptions parallelOptions, Action[] actions)
   at System.Threading.Tasks.Parallel.Invoke(Action[] actions)
   at SonicRetro.SonLVL.API.LevelData.LoadLevel(String levelname, Boolean loadGraphics) in C:\Programs\SonLVL\SonLVLAPI\LevelData.cs:line 166
   at SonicRetro.SonLVL.GUI.MainForm.backgroundLevelLoader_DoWork(Object sender, DoWorkEventArgs e) in C:\Programs\SonLVL\SonLVL\MainForm.cs:line 567
---> (Inner Exception #0) System.IO.FileNotFoundException: Palette file could not be loaded! Have you set up your disassembly properly?
File name: '../palette/Chemical Plant Zone.bin'
   at SonicRetro.SonLVL.API.LevelData.LoadLevelPalette() in C:\Programs\SonLVL\SonLVLAPI\LevelData.cs:line 676
   at System.Threading.Tasks.Task.InnerInvoke()
   at System.Threading.Tasks.Task.Execute()<---

